<?xml version="1.0" encoding="UTF-8"?>
<!-- Generated by org.testng.reporters.JUnitReportReporter -->
<testsuite skipped="0" hostname="DESKTOP-DR1804F" name="testcases.TC2" tests="1" failures="0" timestamp="27 Jul 2017 19:56:50 GMT" time="0.003" errors="0">
  <testcase name="Testcase2" time="0.003" classname="testcases.TC2"/>
</testsuite> <!-- testcases.TC2 -->
