<?xml version="1.0" encoding="UTF-8"?>
<!-- Generated by org.testng.reporters.JUnitReportReporter -->
<testsuite skipped="0" hostname="DESKTOP-FARHANA" name="testcases.TC1" tests="1" failures="0" timestamp="07 Aug 2017 14:54:30 GMT" time="48.201" errors="0">
  <testcase name="FlightInfoTC" time="48.201" classname="testcases.TC1"/>
</testsuite> <!-- testcases.TC1 -->
