<?xml version="1.0" encoding="UTF-8"?>
<!-- Generated by org.testng.reporters.JUnitReportReporter -->
<testsuite skipped="0" hostname="DESKTOP-DR1804F" name="testcases.TC1" tests="1" failures="0" timestamp="28 Jul 2017 13:45:41 GMT" time="44.552" errors="0">
  <testcase name="FlightInfoTC" time="44.552" classname="testcases.TC1"/>
</testsuite> <!-- testcases.TC1 -->
